
=== Thu May 30 04:40:32 2019

Packages were changed.
Update Mode: mergeDefaultDependencies

The following packages were updated:
  com.unity.analytics from version 3.2.2 to 3.3.2
  com.unity.collab-proxy from version 1.2.9 to 1.2.16
  com.unity.package-manager-ui from version 2.1.1 to 2.1.2
  com.unity.purchasing from version 2.0.1 to 2.0.6
  com.unity.textmeshpro from version 1.3.0 to 2.0.1
  com.unity.timeline from version 0.0.0-builtin to 1.0.0

=== Mon Aug  5 19:08:55 2019

Packages were changed.
Update Mode: updateDependencies

The following packages were added:
  com.unity.2d.tilemap@1.0.0
  com.unity.ext.nunit@1.0.0
  com.unity.test-framework@1.0.13
  com.unity.2d.sprite@1.0.0
  com.unity.ide.vscode@1.0.7
  com.unity.ide.rider@1.0.8
  com.unity.ugui@1.0.0
  com.unity.modules.androidjni@1.0.0
The following packages were updated:
  com.unity.package-manager-ui from version 2.1.2 to 2.2.0
  com.unity.timeline from version 1.0.0 to 1.1.0

=== Fri Aug 23 15:02:15 2019

Packages were changed.
Update Mode: updateDependencies

The following packages were updated:
  com.unity.ide.rider from version 1.0.8 to 1.1.0

=== Tue Sep  3 01:44:54 2019

Packages were changed.
Update Mode: updateDependencies

The following packages were added:
  com.unity.multiplayer-hlapi@1.0.2
  com.unity.xr.legacyinputhelpers@2.0.2
The following packages were updated:
  com.unity.ide.vscode from version 1.0.7 to 1.1.0

=== Thu Nov 28 19:49:01 2019

Packages were changed.
Update Mode: updateDependencies

The following packages were updated:
  com.unity.ide.vscode from version 1.1.0 to 1.1.2

=== Tue Jan  7 14:30:50 2020

Packages were changed.
Update Mode: updateDependencies

The following packages were updated:
  com.unity.ide.vscode from version 1.1.2 to 1.1.3

=== Tue Feb  4 22:34:50 2020

Packages were changed.
Update Mode: updateDependencies

The following packages were updated:
  com.unity.analytics from version 3.3.2 to 3.3.5
  com.unity.ide.rider from version 1.1.0 to 1.1.4
  com.unity.ide.vscode from version 1.1.3 to 1.1.4
  com.unity.multiplayer-hlapi from version 1.0.2 to 1.0.4
  com.unity.test-framework from version 1.0.13 to 1.1.9
  com.unity.timeline from version 1.1.0 to 1.2.10
The following packages were removed:
  com.unity.package-manager-ui@2.2.0

=== Fri Feb 21 20:02:36 2020

Packages were changed.
Update Mode: updateDependencies

The following packages were updated:
  com.unity.test-framework from version 1.1.9 to 1.1.11
